<?xml version="1.0" encoding="UTF-8"?>
<!-- Generated by org.testng.reporters.JUnitReportReporter -->
<testsuite hostname="DESKTOP-H89D89M" failures="0" tests="4" name="Demo.TestNGMultipleBrowserDemo" time="-3364508672.000" errors="2" timestamp="2023-04-23T14:51:10 CEST" skipped="2">
  <testcase classname="Demo.TestNGMultipleBrowserDemo" name="pub" time="0.000">
    <skipped/>
  </testcase> <!-- pub -->
  <system-out/>
  <testcase classname="Demo.TestNGMultipleBrowserDemo" name="setup" time="-1682254336.000">
    <error message="
Parameter &#039;browseName&#039; is required by BeforeTest on method setup but has not been marked @Optional or defined
in C:\Users\Svetlana\git\phptravelsAutomation\phptravelsAutomation\testng.xml" type="org.testng.TestNGException">
      <![CDATA[org.testng.TestNGException: 
Parameter 'browseName' is required by BeforeTest on method setup but has not been marked @Optional or defined
in C:\Users\Svetlana\git\phptravelsAutomation\phptravelsAutomation\testng.xml
at org.testng.internal.Parameters.createParams(Parameters.java:270)
at org.testng.internal.Parameters.createParametersForMethod(Parameters.java:358)
at org.testng.internal.Parameters.createParameters(Parameters.java:700)
at org.testng.internal.Parameters.createConfigurationParameters(Parameters.java:168)
at org.testng.internal.ConfigInvoker.invokeConfigurations(ConfigInvoker.java:302)
at org.testng.TestRunner.invokeTestConfigurations(TestRunner.java:637)
at org.testng.TestRunner.beforeRun(TestRunner.java:627)
at org.testng.TestRunner.run(TestRunner.java:589)
at org.testng.SuiteRunner.runTest(SuiteRunner.java:377)
at org.testng.SuiteRunner.access$000(SuiteRunner.java:28)
at org.testng.SuiteRunner$SuiteWorker.run(SuiteRunner.java:418)
at org.testng.internal.thread.ThreadUtil.lambda$execute$0(ThreadUtil.java:64)
at java.base/java.util.concurrent.FutureTask.run(FutureTask.java:264)
at java.base/java.util.concurrent.ThreadPoolExecutor.runWorker(ThreadPoolExecutor.java:1136)
at java.base/java.util.concurrent.ThreadPoolExecutor$Worker.run(ThreadPoolExecutor.java:635)
at java.base/java.lang.Thread.run(Thread.java:833)
]]>
    </error>
  </testcase> <!-- setup -->
  <system-out/>
  <testcase classname="Demo.TestNGMultipleBrowserDemo" name="setup" time="-1682254336.000">
    <error message="
Parameter &#039;browseName&#039; is required by BeforeTest on method setup but has not been marked @Optional or defined
in C:\Users\Svetlana\git\phptravelsAutomation\phptravelsAutomation\testng.xml" type="org.testng.TestNGException">
      <![CDATA[org.testng.TestNGException: 
Parameter 'browseName' is required by BeforeTest on method setup but has not been marked @Optional or defined
in C:\Users\Svetlana\git\phptravelsAutomation\phptravelsAutomation\testng.xml
at org.testng.internal.Parameters.createParams(Parameters.java:270)
at org.testng.internal.Parameters.createParametersForMethod(Parameters.java:358)
at org.testng.internal.Parameters.createParameters(Parameters.java:700)
at org.testng.internal.Parameters.createConfigurationParameters(Parameters.java:168)
at org.testng.internal.ConfigInvoker.invokeConfigurations(ConfigInvoker.java:302)
at org.testng.TestRunner.invokeTestConfigurations(TestRunner.java:637)
at org.testng.TestRunner.beforeRun(TestRunner.java:627)
at org.testng.TestRunner.run(TestRunner.java:589)
at org.testng.SuiteRunner.runTest(SuiteRunner.java:377)
at org.testng.SuiteRunner.access$000(SuiteRunner.java:28)
at org.testng.SuiteRunner$SuiteWorker.run(SuiteRunner.java:418)
at org.testng.internal.thread.ThreadUtil.lambda$execute$0(ThreadUtil.java:64)
at java.base/java.util.concurrent.FutureTask.run(FutureTask.java:264)
at java.base/java.util.concurrent.ThreadPoolExecutor.runWorker(ThreadPoolExecutor.java:1136)
at java.base/java.util.concurrent.ThreadPoolExecutor$Worker.run(ThreadPoolExecutor.java:635)
at java.base/java.lang.Thread.run(Thread.java:833)
]]>
    </error>
  </testcase> <!-- setup -->
  <system-out/>
  <testcase classname="Demo.TestNGMultipleBrowserDemo" name="pub" time="0.000">
    <skipped/>
  </testcase> <!-- pub -->
  <system-out/>
</testsuite> <!-- Demo.TestNGMultipleBrowserDemo -->
