<?xml version="1.0" encoding="UTF-8"?>
<!-- Generated by org.testng.reporters.JUnitReportReporter -->
<testsuite hostname="DESKTOP-H89D89M" failures="0" tests="6" name="login.LoginTests" time="32.788" errors="0" timestamp="2023-04-23T18:28:00 CEST" skipped="0">
  <testcase classname="login.LoginTests" name="validateEmailAndPasswordBlankFields" time="5.977"/>
  <system-out/>
  <testcase classname="login.LoginTests" name="validatePasswordBlankField" time="5.954"/>
  <system-out/>
  <testcase classname="login.LoginTests" name="validateEmailFieldWithoutAtSign" time="4.439"/>
  <system-out/>
  <testcase classname="login.LoginTests" name="validateEmailFieldWithoutDoaminName" time="5.861"/>
  <system-out/>
  <testcase classname="login.LoginTests" name="validateEmailFieldWithoutUserName" time="4.512"/>
  <system-out/>
  <testcase classname="login.LoginTests" name="validateInvalidEmailAndPassword" time="6.045"/>
  <system-out/>
</testsuite> <!-- login.LoginTests -->
